[2014-06-14 21:38:51] [INFO] [   org.prettyx.DistributeServer.Settings.SettingsCenter - loadSettings] 	Application is Starting!
[2014-06-14 21:38:51] [INFO] [   org.prettyx.DistributeServer.Settings.SettingsCenter - loadSettings] 	Configurations load successfully.
[2014-06-14 21:38:51] [INFO] [     org.prettyx.DistributeServer.Settings.SettingsCenter - getSetting] 	GetSetting, key:Network.Port value:8528
[2014-06-14 21:38:51] [INFO] [ org.prettyx.DistributeServer.Network.DistributeServerHearken - <init>] 	Initializing WebSocket Hearken.
[2014-06-14 21:38:51] [INFO] [tyx.DistributeServer.Network.DistributeServerHearken - isPortAvailable] 	Port 8528 is available.
[2014-06-14 21:38:51] [INFO] [ettyx.DistributeServer.Network.DistributeServerHearken - checkAndStart] 	WebSocket Hearken Started!
[2014-06-14 21:44:58] [INFO] [   org.prettyx.DistributeServer.Settings.SettingsCenter - loadSettings] 	Application is Starting!
[2014-06-14 21:44:58] [INFO] [   org.prettyx.DistributeServer.Settings.SettingsCenter - loadSettings] 	Configurations load successfully.
[2014-06-14 21:44:58] [INFO] [     org.prettyx.DistributeServer.Settings.SettingsCenter - getSetting] 	GetSetting, key:Network.Port value:8528
[2014-06-14 21:44:58] [INFO] [ org.prettyx.DistributeServer.Network.DistributeServerHearken - <init>] 	Initializing WebSocket Hearken.
[2014-06-14 21:44:58] [INFO] [tyx.DistributeServer.Network.DistributeServerHearken - isPortAvailable] 	Port 8528 is available.
[2014-06-14 21:44:58] [INFO] [ettyx.DistributeServer.Network.DistributeServerHearken - checkAndStart] 	WebSocket Hearken Started!
[2014-06-15 09:16:31] [INFO] [   org.prettyx.DistributeServer.Settings.SettingsCenter - loadSettings] 	Application is Starting!
[2014-06-15 09:16:31] [INFO] [   org.prettyx.DistributeServer.Settings.SettingsCenter - loadSettings] 	Configurations load successfully.
[2014-06-15 09:16:31] [INFO] [     org.prettyx.DistributeServer.Settings.SettingsCenter - getSetting] 	GetSetting, key:Network.Port value:8528
[2014-06-15 09:16:31] [INFO] [ org.prettyx.DistributeServer.Network.DistributeServerHearken - <init>] 	Initializing WebSocket Hearken.
[2014-06-15 09:16:31] [INFO] [tyx.DistributeServer.Network.DistributeServerHearken - isPortAvailable] 	Port 8528 is available.
[2014-06-15 09:16:31] [INFO] [ettyx.DistributeServer.Network.DistributeServerHearken - checkAndStart] 	WebSocket Hearken Started!
[2014-06-16 10:08:47] [INFO] [   org.prettyx.DistributeServer.Settings.SettingsCenter - loadSettings] 	Application is Starting!
[2014-06-16 10:08:47] [INFO] [   org.prettyx.DistributeServer.Settings.SettingsCenter - loadSettings] 	Configurations load successfully.
[2014-06-16 10:08:47] [INFO] [     org.prettyx.DistributeServer.Settings.SettingsCenter - getSetting] 	GetSetting, key:Network.Port value:8528
[2014-06-16 10:08:47] [INFO] [ org.prettyx.DistributeServer.Network.DistributeServerHearken - <init>] 	Initializing WebSocket Hearken.
[2014-06-16 10:08:47] [INFO] [tyx.DistributeServer.Network.DistributeServerHearken - isPortAvailable] 	Port 8528 is available.
[2014-06-16 10:08:47] [INFO] [ettyx.DistributeServer.Network.DistributeServerHearken - checkAndStart] 	WebSocket Hearken Started!
